[     128ms] [INFO] %cDownload the React DevTools for a better development experience: https://react.dev/link/react-devtools font-weight:bold @ http://localhost:3939/_next/static/chunks/node_modules_next_dist_115brz8._.js:2431
[     162ms] [LOG] [HMR] connected @ http://localhost:3939/_next/static/chunks/node_modules_next_dist_115brz8._.js:2431
[     324ms] Error: Hydration failed because the server rendered text didn't match the client. As a result this tree will be regenerated on the client. This can happen if a SSR-ed Client Component used:

- A server/client branch `if (typeof window !== 'undefined')`.
- Variable input such as `Date.now()` or `Math.random()` which changes each time it's called.
- Date formatting in a user's locale which doesn't match the server.
- External changing data without sending a snapshot of it along with the HTML.
- Invalid HTML tag nesting.

It can also happen if the client has a browser extension installed which messes with the HTML before React loaded.

https://react.dev/link/hydration-mismatch

  ...
    <SegmentViewNode type="page" pagePath="(admin)/co...">
      <SegmentTrieNode>
      <ClientPageRoot Component={function ConversationsPage} serverProvidedParams={{...}}>
        <ConversationsPage params={Promise} searchParams={Promise}>
          <Header>
          <div className="flex flex-...">
            <div>
            <div className="flex flex-...">
              <div className="w-80 shrin...">
                <div>
                <ScrollArea className="flex-1">
                  <ScrollAreaRoot data-slot="scroll-area" className="relative f...">
                    <style>
                    <div role="presentation" onPointerEnter={function handlePointerEnterOrMove} ...>
                      <ScrollAreaViewport data-slot="scroll-are..." className="size-full ...">
                        <div role="presentation" data-id="base-ui-_R..." tabIndex={-1} className="size-full ..." ...>
                          <div className="divide-y">
                            <button
                              onClick={function onClick}
+                             className={"w-full text-left p-3 transition-colors hover:bg-muted/50 "}
-                             className="w-full text-left p-3 transition-colors hover:bg-muted/50 bg-muted"
                            >
                            <button
                              onClick={function onClick}
+                             className="w-full text-left p-3 transition-colors hover:bg-muted/50 bg-muted"
-                             className={"w-full text-left p-3 transition-colors hover:bg-muted/50 "}
                            >
                            ...
                      ...
              <div className="flex-1 fle...">
                <div className="flex items...">
                  <div className="flex items...">
                    <Avatar className="size-8">
                      <AvatarRoot data-slot="avatar" data-size="default" className="group/avat...">
                        <span data-slot="avatar" data-size="default" ref={null} className="group/avat...">
                          <AvatarFallback className="text-xs">
                            <AvatarFallback data-slot="avatar-fal..." className="flex size-...">
                              <span
                                data-slot="avatar-fallback"
                                ref={null}
                                className="flex size-full items-center justify-center rounded-full bg-muted text-muted..."
                              >
+                               AS
-                               DT
                    ...
                  ...
                ...
              ...
    ...

    at throwOnHydrationMismatch (http://localhost:3939/_next/static/chunks/node_modules_next_dist_compiled_react-dom_058-ah~._.js:3318:56)
    at prepareToHydrateHostInstance (http://localhost:3939/_next/static/chunks/node_modules_next_dist_compiled_react-dom_058-ah~._.js:3372:23)
    at completeWork (http://localhost:3939/_next/static/chunks/node_modules_next_dist_compiled_react-dom_058-ah~._.js:6922:60)
    at runWithFiberInDEV (http://localhost:3939/_next/static/chunks/node_modules_next_dist_compiled_react-dom_058-ah~._.js:965:74)
    at completeUnitOfWork (http://localhost:3939/_next/static/chunks/node_modules_next_dist_compiled_react-dom_058-ah~._.js:9622:23)
    at performUnitOfWork (http://localhost:3939/_next/static/chunks/node_modules_next_dist_compiled_react-dom_058-ah~._.js:9557:28)
    at workLoopConcurrentByScheduler (http://localhost:3939/_next/static/chunks/node_modules_next_dist_compiled_react-dom_058-ah~._.js:9551:58)
    at renderRootConcurrent (http://localhost:3939/_next/static/chunks/node_modules_next_dist_compiled_react-dom_058-ah~._.js:9534:71)
    at performWorkOnRoot (http://localhost:3939/_next/static/chunks/node_modules_next_dist_compiled_react-dom_058-ah~._.js:9061:150)
    at performWorkOnRootViaSchedulerTask (http://localhost:3939/_next/static/chunks/node_modules_next_dist_compiled_react-dom_058-ah~._.js:10255:9)
    at MessagePort.performWorkUntilDeadline (http://localhost:3939/_next/static/chunks/node_modules_next_dist_compiled_0rpq4pf._.js:2647:64)
